#
# A fatal error has been detected by the Java Runtime Environment:
#
#  EXCEPTION_ACCESS_VIOLATION (0xc0000005) at pc=0x000000005ddbd227, pid=19124, tid=0x0000000000004fc4
#
# JRE version: Java(TM) SE Runtime Environment (8.0_131-b11) (build 1.8.0_131-b11)
# Java VM: Java HotSpot(TM) 64-Bit Server VM (25.131-b11 mixed mode windows-amd64 compressed oops)
# Problematic frame:
# V  [jvm.dll+0x14d227]
#
# Failed to write core dump. Minidumps are not enabled by default on client versions of Windows
#
# If you would like to submit a bug report, please visit:
#   http://bugreport.java.com/bugreport/crash.jsp
#

---------------  T H R E A D  ---------------

Current thread (0x0000000002e70800):  JavaThread "main" [_thread_in_vm, id=20420, stack(0x0000000002c70000,0x0000000002d70000)]

siginfo: ExceptionCode=0xc0000005, reading address 0x0000000000000000

Registers:
RAX=0x0000000000000000, RBX=0x0000000002e70800, RCX=0x0000000002e70800, RDX=0x00000000d5b5f3b0
RSP=0x0000000002d6f0b0, RBP=0x0000000002d6f1a8, RSI=0x0000000002d6f400, RDI=0x0000000002e709f8
R8 =0x0000000000000000, R9 =0x0000000000000613, R10=0x0000000000000000, R11=0x0000000000000200
R12=0x0000000000000000, R13=0x00000000179703d0, R14=0x0000000002d6f400, R15=0x0000000002e70800
RIP=0x000000005ddbd227, EFLAGS=0x0000000000010246

Top of Stack: (sp=0x0000000002d6f0b0)
0x0000000002d6f0b0:   0000000000000000 0000000000000000
0x0000000002d6f0c0:   0000000002e70800 000000005ddcebe0
0x0000000002d6f0d0:   0000000019ee2080 0000000100060028
0x0000000002d6f0e0:   00007ff849199ac8 0000000002ec2780
0x0000000002d6f0f0:   00007ff849199ac8 cccccccc0000000a
0x0000000002d6f100:   cccccccc00009b68 0000000002e70800
0x0000000002d6f110:   0000000002e6ee90 000000000000064d
0x0000000002d6f120:   000000005e275dc0 000000005ddced5f
0x0000000002d6f130:   0000000002e70800 cccccccc1e881ad3
0x0000000002d6f140:   0000000017f5a9d0 00007ff849199ac8
0x0000000002d6f150:   0000000002e70800 cccccccccccccccc
0x0000000002d6f160:   0000000002e70800 0000000002d6f358
0x0000000002d6f170:   0000000020200021 0000000002d6f1b0
0x0000000002d6f180:   00000000179703d0 00007ff849195c66
0x0000000002d6f190:   00000000179703d0 0000000002d6f1b0
0x0000000002d6f1a0:   0000000000000000 0000000000000613 

Instructions: (pc=0x000000005ddbd227)
0x000000005ddbd207:   4c 24 58 e8 21 ed 12 00 48 8b 84 24 f0 00 00 00
0x000000005ddbd217:   c7 44 24 48 0a 00 00 00 48 8d ac 24 f8 00 00 00
0x000000005ddbd227:   48 8b 08 48 89 6c 24 40 48 8b 51 08 48 8d 4c 24
0x000000005ddbd237:   78 0f b7 42 24 48 8b 52 08 48 8b 54 c2 50 e8 86 


Register to memory mapping:

RAX=0x0000000000000000 is an unknown value
RBX=0x0000000002e70800 is a thread
RCX=0x0000000002e70800 is a thread
RDX=0x00000000d5b5f3b0 is an oop
java.lang.NoSuchMethodError 
 - klass: 'java/lang/NoSuchMethodError'
RSP=0x0000000002d6f0b0 is pointing into the stack for thread: 0x0000000002e70800
RBP=0x0000000002d6f1a8 is pointing into the stack for thread: 0x0000000002e70800
RSI=0x0000000002d6f400 is pointing into the stack for thread: 0x0000000002e70800
RDI=0x0000000002e709f8 is an unknown value
R8 =0x0000000000000000 is an unknown value
R9 =0x0000000000000613 is an unknown value
R10=0x0000000000000000 is an unknown value
R11=0x0000000000000200 is an unknown value
R12=0x0000000000000000 is an unknown value
R13={method} {0x00000000179703d8} 'accessMedthod' '()V' in 'demo/JNIDemo'
R14=0x0000000002d6f400 is pointing into the stack for thread: 0x0000000002e70800
R15=0x0000000002e70800 is a thread


Stack: [0x0000000002c70000,0x0000000002d70000],  sp=0x0000000002d6f0b0,  free space=1020k
Native frames: (J=compiled Java code, j=interpreted, Vv=VM code, C=native code)
V  [jvm.dll+0x14d227]
C  [JNI_HelloWord.dll+0x15c66]  Java_demo_JNIDemo_accessMedthod+0x176
C  0x0000000002f87f74

Java frames: (J=compiled Java code, j=interpreted, Vv=VM code)
j  demo.JNIDemo.accessMedthod()V+0
j  demo.JNIDemo.main([Ljava/lang/String;)V+9
v  ~StubRoutines::call_stub

---------------  P R O C E S S  ---------------

Java Threads: ( => current thread )
  0x0000000019f69000 JavaThread "Service Thread" daemon [_thread_blocked, id=23984, stack(0x000000001a940000,0x000000001aa40000)]
  0x0000000019eda800 JavaThread "C1 CompilerThread3" daemon [_thread_blocked, id=23084, stack(0x000000001a840000,0x000000001a940000)]
  0x0000000019ecf800 JavaThread "C2 CompilerThread2" daemon [_thread_blocked, id=21404, stack(0x000000001a740000,0x000000001a840000)]
  0x0000000019ec6800 JavaThread "C2 CompilerThread1" daemon [_thread_blocked, id=8296, stack(0x000000001a640000,0x000000001a740000)]
  0x0000000019ec3800 JavaThread "C2 CompilerThread0" daemon [_thread_blocked, id=11664, stack(0x000000001a540000,0x000000001a640000)]
  0x0000000019ec2000 JavaThread "Attach Listener" daemon [_thread_blocked, id=4528, stack(0x000000001a440000,0x000000001a540000)]
  0x0000000019ec1800 JavaThread "Signal Dispatcher" daemon [_thread_blocked, id=21132, stack(0x000000001a340000,0x000000001a440000)]
  0x0000000002f6e000 JavaThread "Finalizer" daemon [_thread_blocked, id=4184, stack(0x000000001a240000,0x000000001a340000)]
  0x0000000002f67000 JavaThread "Reference Handler" daemon [_thread_blocked, id=13540, stack(0x0000000019d40000,0x0000000019e40000)]
=>0x0000000002e70800 JavaThread "main" [_thread_in_vm, id=20420, stack(0x0000000002c70000,0x0000000002d70000)]

Other Threads:
  0x0000000017f5a000 VMThread [stack: 0x0000000019c40000,0x0000000019d40000] [id=16712]
  0x0000000019feb800 WatcherThread [stack: 0x000000001aa40000,0x000000001ab40000] [id=18756]

VM state:not at safepoint (normal execution)

VM Mutex/Monitor currently owned by a thread: None

Heap:
 PSYoungGen      total 38400K, used 1996K [0x00000000d5a00000, 0x00000000d8480000, 0x0000000100000000)
  eden space 33280K, 6% used [0x00000000d5a00000,0x00000000d5bf3348,0x00000000d7a80000)
  from space 5120K, 0% used [0x00000000d7f80000,0x00000000d7f80000,0x00000000d8480000)
  to   space 5120K, 0% used [0x00000000d7a80000,0x00000000d7a80000,0x00000000d7f80000)
 ParOldGen       total 87552K, used 0K [0x0000000080e00000, 0x0000000086380000, 0x00000000d5a00000)
  object space 87552K, 0% used [0x0000000080e00000,0x0000000080e00000,0x0000000086380000)
 Metaspace       used 2598K, capacity 4486K, committed 4864K, reserved 1056768K
  class space    used 287K, capacity 386K, committed 512K, reserved 1048576K

Card table byte_map: [0x0000000012330000,0x0000000012730000] byte_map_base: 0x0000000011f29000

Marking Bits: (ParMarkBitMap*) 0x000000005e48c720
 Begin Bits: [0x00000000131e0000, 0x00000000151a8000)
 End Bits:   [0x00000000151a8000, 0x0000000017170000)

Polling page: 0x0000000000bb0000

CodeCache: size=245760Kb used=1109Kb max_used=1109Kb free=244650Kb
 bounds [0x0000000002f70000, 0x00000000031e0000, 0x0000000011f70000]
 total_blobs=262 nmethods=28 adapters=148
 compilation: enabled

Compilation events (10 events):
Event: 0.069 Thread 0x0000000019eda800   24       3       java.lang.StringBuilder::append (8 bytes)
Event: 0.069 Thread 0x0000000019eda800 nmethod 24 0x0000000003083690 code [0x0000000003083800, 0x0000000003083988]
Event: 0.070 Thread 0x0000000019eda800   25       3       sun.nio.cs.ext.DoubleByte$Encoder::encodeChar (21 bytes)
Event: 0.070 Thread 0x0000000019eda800 nmethod 25 0x0000000003083a10 code [0x0000000003083b80, 0x0000000003083d30]
Event: 0.070 Thread 0x0000000019eda800   26       3       java.lang.System::getSecurityManager (4 bytes)
Event: 0.070 Thread 0x0000000019eda800 nmethod 26 0x0000000003083e90 code [0x0000000003083fe0, 0x0000000003084110]
Event: 0.070 Thread 0x0000000019eda800   27       3       java.lang.String::getChars (62 bytes)
Event: 0.071 Thread 0x0000000019eda800 nmethod 27 0x0000000003084190 code [0x0000000003084340, 0x0000000003084778]
Event: 0.071 Thread 0x0000000019eda800   28       3       java.io.WinNTFileSystem::normalize (143 bytes)
Event: 0.072 Thread 0x0000000019eda800 nmethod 28 0x0000000003084990 code [0x0000000003084b80, 0x00000000030853a8]

GC Heap History (0 events):
No events

Deoptimization events (0 events):
No events

Internal exceptions (3 events):
Event: 0.024 Thread 0x0000000002e70800 Exception <a 'java/lang/NoSuchMethodError': Method sun.misc.Unsafe.defineClass(Ljava/lang/String;[BII)Ljava/lang/Class; name or signature does not match> (0x00000000d5a07ca8) thrown at [C:\re\workspace\8-2-build-windows-amd64-cygwin\jdk8u131\8869\hotspot\
Event: 0.024 Thread 0x0000000002e70800 Exception <a 'java/lang/NoSuchMethodError': Method sun.misc.Unsafe.prefetchRead(Ljava/lang/Object;J)V name or signature does not match> (0x00000000d5a07f90) thrown at [C:\re\workspace\8-2-build-windows-amd64-cygwin\jdk8u131\8869\hotspot\src\share\vm\prims
Event: 0.073 Thread 0x0000000002e70800 Exception <a 'java/lang/NoSuchMethodError': getIntTwo> (0x00000000d5b5f3b0) thrown at [C:\re\workspace\8-2-build-windows-amd64-cygwin\jdk8u131\8869\hotspot\src\share\vm\prims\jni.cpp, line 1613]

Events (10 events):
Event: 0.069 loading class java/security/BasicPermissionCollection
Event: 0.069 loading class java/security/BasicPermissionCollection done
Event: 0.069 loading class sun/launcher/LauncherHelper$FXHelper
Event: 0.069 loading class sun/launcher/LauncherHelper$FXHelper done
Event: 0.069 loading class java/lang/Class$MethodArray
Event: 0.069 loading class java/lang/Class$MethodArray done
Event: 0.069 loading class java/lang/Void
Event: 0.069 loading class java/lang/Void done
Event: 0.069 loading class java/lang/ClassLoaderHelper
Event: 0.069 loading class java/lang/ClassLoaderHelper done


Dynamic libraries:
0x00007ff7a7770000 - 0x00007ff7a77a7000 	C:\Program Files\Java\jre1.8.0_131\bin\javaw.exe
0x00007ff863220000 - 0x00007ff8633fb000 	C:\Windows\SYSTEM32\ntdll.dll
0x00007ff8608f0000 - 0x00007ff86099e000 	C:\Windows\System32\KERNEL32.DLL
0x00007ff85f8d0000 - 0x00007ff85fb19000 	C:\Windows\System32\KERNELBASE.dll
0x00007ff863150000 - 0x00007ff8631f1000 	C:\Windows\System32\ADVAPI32.dll
0x00007ff8612c0000 - 0x00007ff86135d000 	C:\Windows\System32\msvcrt.dll
0x00007ff8618b0000 - 0x00007ff861909000 	C:\Windows\System32\sechost.dll
0x00007ff862d50000 - 0x00007ff862e75000 	C:\Windows\System32\RPCRT4.dll
0x00007ff862ea0000 - 0x00007ff862fea000 	C:\Windows\System32\USER32.dll
0x00007ff85f810000 - 0x00007ff85f82e000 	C:\Windows\System32\win32u.dll
0x00007ff860b40000 - 0x00007ff860b67000 	C:\Windows\System32\GDI32.dll
0x00007ff85fc70000 - 0x00007ff85fdf8000 	C:\Windows\System32\gdi32full.dll
0x00007ff85f830000 - 0x00007ff85f8ca000 	C:\Windows\System32\msvcp_win.dll
0x00007ff85fb20000 - 0x00007ff85fc16000 	C:\Windows\System32\ucrtbase.dll
0x00007ff852610000 - 0x00007ff852877000 	C:\Windows\WinSxS\amd64_microsoft.windows.common-controls_6595b64144ccf1df_6.0.15063.483_none_26002d27e7c744a2\COMCTL32.dll
0x00007ff860b70000 - 0x00007ff860e69000 	C:\Windows\System32\combase.dll
0x00007ff85f7a0000 - 0x00007ff85f80a000 	C:\Windows\System32\bcryptPrimitives.dll
0x00007ff861360000 - 0x00007ff86138d000 	C:\Windows\System32\IMM32.DLL
0x000000005d980000 - 0x000000005da52000 	C:\Program Files\Java\jre1.8.0_131\bin\msvcr100.dll
0x000000005dc70000 - 0x000000005e50c000 	C:\Program Files\Java\jre1.8.0_131\bin\server\jvm.dll
0x00007ff862e90000 - 0x00007ff862e98000 	C:\Windows\System32\PSAPI.DLL
0x00007ff85da40000 - 0x00007ff85da63000 	C:\Windows\SYSTEM32\WINMM.dll
0x00007ff859890000 - 0x00007ff85989a000 	C:\Windows\SYSTEM32\VERSION.dll
0x00007ff84fcc0000 - 0x00007ff84fcc9000 	C:\Windows\SYSTEM32\WSOCK32.dll
0x00007ff861610000 - 0x00007ff86167c000 	C:\Windows\System32\WS2_32.dll
0x00007ff85d750000 - 0x00007ff85d77b000 	C:\Windows\SYSTEM32\WINMMBASE.dll
0x00007ff85fc20000 - 0x00007ff85fc69000 	C:\Windows\System32\cfgmgr32.dll
0x000000005db80000 - 0x000000005db8f000 	C:\Program Files\Java\jre1.8.0_131\bin\verify.dll
0x000000005db50000 - 0x000000005db79000 	C:\Program Files\Java\jre1.8.0_131\bin\java.dll
0x000000005db30000 - 0x000000005db46000 	C:\Program Files\Java\jre1.8.0_131\bin\zip.dll
0x00007ff861910000 - 0x00007ff862d47000 	C:\Windows\System32\SHELL32.dll
0x00007ff8613f0000 - 0x00007ff86149a000 	C:\Windows\System32\shcore.dll
0x00007ff860080000 - 0x00007ff860772000 	C:\Windows\System32\windows.storage.dll
0x00007ff8617d0000 - 0x00007ff861821000 	C:\Windows\System32\shlwapi.dll
0x00007ff85f6b0000 - 0x00007ff85f6c1000 	C:\Windows\System32\kernel.appcore.dll
0x00007ff85f6f0000 - 0x00007ff85f73c000 	C:\Windows\System32\powrprof.dll
0x00007ff85f6d0000 - 0x00007ff85f6e5000 	C:\Windows\System32\profapi.dll
0x00007ff849180000 - 0x00007ff8491a5000 	D:\java\JNI_DEMO_9_2\JNI_HelloWord.dll
0x00007ff849150000 - 0x00007ff849172000 	C:\Windows\SYSTEM32\VCRUNTIME140D.dll
0x00007ff82d0c0000 - 0x00007ff82d27b000 	C:\Windows\SYSTEM32\ucrtbased.dll
0x00007ff851540000 - 0x00007ff8516e9000 	C:\Windows\SYSTEM32\dbghelp.dll

VM Arguments:
jvm_args: -Dfile.encoding=GBK 
java_command: demo.JNIDemo
java_class_path (initial): D:\java\JNI_DEMO_9_2\bin
Launcher Type: SUN_STANDARD

Environment Variables:
JAVA_HOME=C:\Program Files\Java\jdk1.8.0_131
CLASSPATH=.;C:\Program Files\Java\jdk1.8.0_131\lib\dt.jar;C:\Program Files\Java\jdk1.8.0_131\lib\tools.jar
PATH=C:/Program Files/Java/jre1.8.0_131/bin/server;C:/Program Files/Java/jre1.8.0_131/bin;C:/Program Files/Java/jre1.8.0_131/lib/amd64;C:\ProgramData\Oracle\Java\javapath;C:\Windows\system32;C:\Windows;C:\Windows\System32\Wbem;C:\Windows\System32\WindowsPowerShell\v1.0\;C:\Program Files (x86)\NVIDIA Corporation\PhysX\Common;C:\Program Files\Java\jdk1.8.0_131\bin;D:\Program Files\Git\cmd;C:\Users\Axe\AppData\Local\Android\sdk\tools;C:\Users\Axe\AppData\Local\Android\sdk\platform-tools;C:\Program Files\MySQL\MySQL Utilities 1.6\;C:\Windows\system32\config\systemprofile\.dnx\bin;C:\Program Files\Microsoft DNX\Dnvm\;C:\Program Files\Microsoft SQL Server\130\Tools\Binn\;C:\Program Files (x86)\Windows Kits\8.1\Windows Performance Toolkit\;C:\Users\Axe\AppData\Local\Microsoft\WindowsApps;;D:\eclipse\eclipse;
USERNAME=Axe
OS=Windows_NT
PROCESSOR_IDENTIFIER=Intel64 Family 6 Model 60 Stepping 3, GenuineIntel



---------------  S Y S T E M  ---------------

OS: Windows 10.0 , 64 bit Build 15063 (10.0.15063.296)

CPU:total 8 (initial active 8) (4 cores per cpu, 2 threads per core) family 6 model 60 stepping 3, cmov, cx8, fxsr, mmx, sse, sse2, sse3, ssse3, sse4.1, sse4.2, popcnt, avx, avx2, aes, clmul, erms, lzcnt, ht, tsc, tscinvbit, bmi1, bmi2

Memory: 4k page, physical 8324104k(4283552k free), swap 16712712k(8100008k free)

vm_info: Java HotSpot(TM) 64-Bit Server VM (25.131-b11) for windows-amd64 JRE (1.8.0_131-b11), built on Mar 15 2017 01:23:53 by "java_re" with MS VC++ 10.0 (VS2010)

time: Sat Sep 02 16:39:34 2017
elapsed time: 0 seconds (0d 0h 0m 0s)

