#
# A fatal error has been detected by the Java Runtime Environment:
#
#  EXCEPTION_ACCESS_VIOLATION (0xc0000005) at pc=0x000000005ddaf994, pid=15904, tid=0x0000000000000d2c
#
# JRE version: Java(TM) SE Runtime Environment (8.0_131-b11) (build 1.8.0_131-b11)
# Java VM: Java HotSpot(TM) 64-Bit Server VM (25.131-b11 mixed mode windows-amd64 compressed oops)
# Problematic frame:
# V  [jvm.dll+0x13f994]
#
# Failed to write core dump. Minidumps are not enabled by default on client versions of Windows
#
# If you would like to submit a bug report, please visit:
#   http://bugreport.java.com/bugreport/crash.jsp
#

---------------  T H R E A D  ---------------

Current thread (0x0000000003360800):  JavaThread "main" [_thread_in_vm, id=3372, stack(0x0000000003230000,0x0000000003330000)]

siginfo: ExceptionCode=0xc0000005, reading address 0x0000000000000000

Registers:
RAX=0x0000000000000000, RBX=0x0000000003360800, RCX=0x0000000003360800, RDX=0x00000000d5ab9438
RSP=0x000000000332f000, RBP=0x000000000332f080, RSI=0x0000000000000002, RDI=0x0000000000000000
R8 =0x0000000000000000, R9 =0x0000000003357c10, R10=0x0000000017e90080, R11=0x000000000332f030
R12=0x0000000000000000, R13=0x0000000017e905a0, R14=0x000000000332f250, R15=0x0000000003360800
RIP=0x000000005ddaf994, EFLAGS=0x0000000000010206

Top of Stack: (sp=0x000000000332f000)
0x000000000332f000:   0000000017e90080 0000000003360800
0x000000000332f010:   0000000003360800 0000000000000000
0x000000000332f020:   000000000332f080 0000000003360800
0x000000000332f030:   0000000003360800 000000000335ee90
0x000000000332f040:   0000000000000a27 000000005e275dc0
0x000000000332f050:   000000000332f1a8 00007ff847c2190d
0x000000000332f060:   0000000017e905a0 000000000332f080
0x000000000332f070:   0000000000000002 cccccccccccccccc
0x000000000332f080:   cccccccccccccccc 000000001847a030
0x000000000332f090:   cccccccccccccccc cccccccccccccccc
0x000000000332f0a0:   cccccccccccccccc 0000000000000000
0x000000000332f0b0:   cccccccccccccccc cccccccccccccccc
0x000000000332f0c0:   cccccccccccccccc cccccccccccccccc
0x000000000332f0d0:   cccccccccccccccc cccccccccccccccc
0x000000000332f0e0:   cccccccccccccccc cccccccccccccccc
0x000000000332f0f0:   cccccccccccccccc cccccccccccccccc 

Instructions: (pc=0x000000005ddaf994)
0x000000005ddaf974:   4c 8b 0f 45 33 c0 33 d2 48 8b cb c6 44 24 28 01
0x000000005ddaf984:   48 89 7c 24 20 e8 e2 cb 07 00 48 83 7c 24 38 00
0x000000005ddaf994:   48 8b 07 48 63 57 10 48 8b 48 68 8b 34 0a 74 0a
0x000000005ddaf9a4:   48 8d 4c 24 30 e8 d2 c5 13 00 48 8b 7b 48 48 8b 


Register to memory mapping:

RAX=0x0000000000000000 is an unknown value
RBX=0x0000000003360800 is a thread
RCX=0x0000000003360800 is a thread
RDX=0x00000000d5ab9438 is an oop
java.lang.NoSuchFieldError 
 - klass: 'java/lang/NoSuchFieldError'
RSP=0x000000000332f000 is pointing into the stack for thread: 0x0000000003360800
RBP=0x000000000332f080 is pointing into the stack for thread: 0x0000000003360800
RSI=0x0000000000000002 is an unknown value
RDI=0x0000000000000000 is an unknown value
R8 =0x0000000000000000 is an unknown value
R9 =0x0000000003357c10 is an unknown value
R10=0x0000000017e90080 is pointing into metadata
R11=0x000000000332f030 is pointing into the stack for thread: 0x0000000003360800
R12=0x0000000000000000 is an unknown value
R13={method} {0x0000000017e905a8} 'plusField' '()V' in 'JNIHelloWord'
R14=0x000000000332f250 is pointing into the stack for thread: 0x0000000003360800
R15=0x0000000003360800 is a thread


Stack: [0x0000000003230000,0x0000000003330000],  sp=0x000000000332f000,  free space=1020k
Native frames: (J=compiled Java code, j=interpreted, Vv=VM code, C=native code)
V  [jvm.dll+0x13f994]
C  [JNI_HelloWord.dll+0x1190d]  Java_JNIHelloWord_plusField+0x9d
C  0x0000000003477f74

Java frames: (J=compiled Java code, j=interpreted, Vv=VM code)
j  JNIHelloWord.plusField()V+0
j  JNIHelloWord.main([Ljava/lang/String;)V+97
v  ~StubRoutines::call_stub

---------------  P R O C E S S  ---------------

Java Threads: ( => current thread )
  0x000000001a489000 JavaThread "Service Thread" daemon [_thread_blocked, id=9072, stack(0x000000001aec0000,0x000000001afc0000)]
  0x000000001a3f9000 JavaThread "C1 CompilerThread3" daemon [_thread_blocked, id=17308, stack(0x000000001adc0000,0x000000001aec0000)]
  0x000000001a3f6800 JavaThread "C2 CompilerThread2" daemon [_thread_blocked, id=14504, stack(0x000000001acc0000,0x000000001adc0000)]
  0x000000001a3e6000 JavaThread "C2 CompilerThread1" daemon [_thread_blocked, id=10936, stack(0x000000001abc0000,0x000000001acc0000)]
  0x000000001a3e3000 JavaThread "C2 CompilerThread0" daemon [_thread_blocked, id=2672, stack(0x000000001aac0000,0x000000001abc0000)]
  0x000000001a395800 JavaThread "Attach Listener" daemon [_thread_blocked, id=24364, stack(0x000000001a9c0000,0x000000001aac0000)]
  0x000000001848d800 JavaThread "Signal Dispatcher" daemon [_thread_blocked, id=2808, stack(0x000000001a8c0000,0x000000001a9c0000)]
  0x000000000345e000 JavaThread "Finalizer" daemon [_thread_blocked, id=18304, stack(0x000000001a760000,0x000000001a860000)]
  0x0000000003457000 JavaThread "Reference Handler" daemon [_thread_blocked, id=19296, stack(0x000000001a260000,0x000000001a360000)]
=>0x0000000003360800 JavaThread "main" [_thread_in_vm, id=3372, stack(0x0000000003230000,0x0000000003330000)]

Other Threads:
  0x0000000018479800 VMThread [stack: 0x000000001a160000,0x000000001a260000] [id=14604]
  0x000000001a4ee800 WatcherThread [stack: 0x000000001afc0000,0x000000001b0c0000] [id=9800]

VM state:not at safepoint (normal execution)

VM Mutex/Monitor currently owned by a thread: None

Heap:
 PSYoungGen      total 38400K, used 1996K [0x00000000d5a00000, 0x00000000d8480000, 0x0000000100000000)
  eden space 33280K, 6% used [0x00000000d5a00000,0x00000000d5bf33d8,0x00000000d7a80000)
  from space 5120K, 0% used [0x00000000d7f80000,0x00000000d7f80000,0x00000000d8480000)
  to   space 5120K, 0% used [0x00000000d7a80000,0x00000000d7a80000,0x00000000d7f80000)
 ParOldGen       total 87552K, used 0K [0x0000000080e00000, 0x0000000086380000, 0x00000000d5a00000)
  object space 87552K, 0% used [0x0000000080e00000,0x0000000080e00000,0x0000000086380000)
 Metaspace       used 2589K, capacity 4486K, committed 4864K, reserved 1056768K
  class space    used 287K, capacity 386K, committed 512K, reserved 1048576K

Card table byte_map: [0x0000000012820000,0x0000000012c20000] byte_map_base: 0x0000000012419000

Marking Bits: (ParMarkBitMap*) 0x000000005e48c720
 Begin Bits: [0x00000000136d0000, 0x0000000015698000)
 End Bits:   [0x0000000015698000, 0x0000000017660000)

Polling page: 0x0000000002ec0000

CodeCache: size=245760Kb used=1113Kb max_used=1113Kb free=244646Kb
 bounds [0x0000000003460000, 0x00000000036d0000, 0x0000000012460000]
 total_blobs=264 nmethods=30 adapters=148
 compilation: enabled

Compilation events (10 events):
Event: 0.067 Thread 0x000000001a3f9000   26       3       java.lang.String::indexOf (7 bytes)
Event: 0.068 Thread 0x000000001a3f9000 nmethod 26 0x000000000356e250 code [0x000000000356e3c0, 0x000000000356e5c8]
Event: 0.070 Thread 0x000000001a3f9000   27       3       java.util.Arrays::copyOfRange (63 bytes)
Event: 0.071 Thread 0x000000001a3f9000 nmethod 27 0x0000000003573f10 code [0x0000000003574120, 0x0000000003574c58]
Event: 0.072 Thread 0x000000001a3f9000   28       3       sun.nio.cs.ext.DoubleByte$Encoder::encodeChar (21 bytes)
Event: 0.072 Thread 0x000000001a3f9000 nmethod 28 0x0000000003575190 code [0x0000000003575300, 0x00000000035754b0]
Event: 0.072 Thread 0x000000001a3f9000   29       3       java.lang.System::getSecurityManager (4 bytes)
Event: 0.072 Thread 0x000000001a3f9000 nmethod 29 0x0000000003575610 code [0x0000000003575760, 0x0000000003575890]
Event: 0.072 Thread 0x000000001a3f9000   30       3       java.io.WinNTFileSystem::normalize (143 bytes)
Event: 0.073 Thread 0x000000001a3f9000 nmethod 30 0x0000000003575910 code [0x0000000003575b00, 0x0000000003576328]

GC Heap History (0 events):
No events

Deoptimization events (0 events):
No events

Internal exceptions (3 events):
Event: 0.023 Thread 0x0000000003360800 Exception <a 'java/lang/NoSuchMethodError': Method sun.misc.Unsafe.defineClass(Ljava/lang/String;[BII)Ljava/lang/Class; name or signature does not match> (0x00000000d5a07ca8) thrown at [C:\re\workspace\8-2-build-windows-amd64-cygwin\jdk8u131\8869\hotspot\
Event: 0.023 Thread 0x0000000003360800 Exception <a 'java/lang/NoSuchMethodError': Method sun.misc.Unsafe.prefetchRead(Ljava/lang/Object;J)V name or signature does not match> (0x00000000d5a07f90) thrown at [C:\re\workspace\8-2-build-windows-amd64-cygwin\jdk8u131\8869\hotspot\src\share\vm\prims
Event: 0.074 Thread 0x0000000003360800 Exception <a 'java/lang/NoSuchFieldError': count> (0x00000000d5ab9438) thrown at [C:\re\workspace\8-2-build-windows-amd64-cygwin\jdk8u131\8869\hotspot\src\share\vm\prims\jni.cpp, line 2599]

Events (10 events):
Event: 0.071 loading class sun/launcher/LauncherHelper$FXHelper
Event: 0.071 loading class sun/launcher/LauncherHelper$FXHelper done
Event: 0.071 loading class java/lang/Class$MethodArray
Event: 0.071 loading class java/lang/Class$MethodArray done
Event: 0.071 loading class java/lang/Void
Event: 0.071 loading class java/lang/Void done
Event: 0.071 loading class java/lang/ClassLoaderHelper
Event: 0.071 loading class java/lang/ClassLoaderHelper done
Event: 0.074 loading class java/lang/NoSuchFieldError
Event: 0.074 loading class java/lang/NoSuchFieldError done


Dynamic libraries:
0x00007ff73c390000 - 0x00007ff73c3c7000 	C:\Program Files\Java\jre1.8.0_131\bin\javaw.exe
0x00007ff863220000 - 0x00007ff8633fb000 	C:\Windows\SYSTEM32\ntdll.dll
0x00007ff8608f0000 - 0x00007ff86099e000 	C:\Windows\System32\KERNEL32.DLL
0x00007ff85f8d0000 - 0x00007ff85fb19000 	C:\Windows\System32\KERNELBASE.dll
0x00007ff863150000 - 0x00007ff8631f1000 	C:\Windows\System32\ADVAPI32.dll
0x00007ff8612c0000 - 0x00007ff86135d000 	C:\Windows\System32\msvcrt.dll
0x00007ff8618b0000 - 0x00007ff861909000 	C:\Windows\System32\sechost.dll
0x00007ff862d50000 - 0x00007ff862e75000 	C:\Windows\System32\RPCRT4.dll
0x00007ff862ea0000 - 0x00007ff862fea000 	C:\Windows\System32\USER32.dll
0x00007ff85f810000 - 0x00007ff85f82e000 	C:\Windows\System32\win32u.dll
0x00007ff860b40000 - 0x00007ff860b67000 	C:\Windows\System32\GDI32.dll
0x00007ff85fc70000 - 0x00007ff85fdf8000 	C:\Windows\System32\gdi32full.dll
0x00007ff85f830000 - 0x00007ff85f8ca000 	C:\Windows\System32\msvcp_win.dll
0x00007ff85fb20000 - 0x00007ff85fc16000 	C:\Windows\System32\ucrtbase.dll
0x00007ff852610000 - 0x00007ff852877000 	C:\Windows\WinSxS\amd64_microsoft.windows.common-controls_6595b64144ccf1df_6.0.15063.483_none_26002d27e7c744a2\COMCTL32.dll
0x00007ff860b70000 - 0x00007ff860e69000 	C:\Windows\System32\combase.dll
0x00007ff85f7a0000 - 0x00007ff85f80a000 	C:\Windows\System32\bcryptPrimitives.dll
0x00007ff861360000 - 0x00007ff86138d000 	C:\Windows\System32\IMM32.DLL
0x000000005d9d0000 - 0x000000005daa2000 	C:\Program Files\Java\jre1.8.0_131\bin\msvcr100.dll
0x000000005dc70000 - 0x000000005e50c000 	C:\Program Files\Java\jre1.8.0_131\bin\server\jvm.dll
0x00007ff862e90000 - 0x00007ff862e98000 	C:\Windows\System32\PSAPI.DLL
0x00007ff850e10000 - 0x00007ff850e19000 	C:\Windows\SYSTEM32\WSOCK32.dll
0x00007ff85da40000 - 0x00007ff85da63000 	C:\Windows\SYSTEM32\WINMM.dll
0x00007ff859890000 - 0x00007ff85989a000 	C:\Windows\SYSTEM32\VERSION.dll
0x00007ff861610000 - 0x00007ff86167c000 	C:\Windows\System32\WS2_32.dll
0x00007ff85d750000 - 0x00007ff85d77b000 	C:\Windows\SYSTEM32\WINMMBASE.dll
0x00007ff85fc20000 - 0x00007ff85fc69000 	C:\Windows\System32\cfgmgr32.dll
0x000000005db80000 - 0x000000005db8f000 	C:\Program Files\Java\jre1.8.0_131\bin\verify.dll
0x000000005db50000 - 0x000000005db79000 	C:\Program Files\Java\jre1.8.0_131\bin\java.dll
0x000000005db30000 - 0x000000005db46000 	C:\Program Files\Java\jre1.8.0_131\bin\zip.dll
0x00007ff861910000 - 0x00007ff862d47000 	C:\Windows\System32\SHELL32.dll
0x00007ff8613f0000 - 0x00007ff86149a000 	C:\Windows\System32\shcore.dll
0x00007ff860080000 - 0x00007ff860772000 	C:\Windows\System32\windows.storage.dll
0x00007ff8617d0000 - 0x00007ff861821000 	C:\Windows\System32\shlwapi.dll
0x00007ff85f6b0000 - 0x00007ff85f6c1000 	C:\Windows\System32\kernel.appcore.dll
0x00007ff85f6f0000 - 0x00007ff85f73c000 	C:\Windows\System32\powrprof.dll
0x00007ff85f6d0000 - 0x00007ff85f6e5000 	C:\Windows\System32\profapi.dll
0x00007ff847c10000 - 0x00007ff847c35000 	D:\java\JNI_DEMO\JNI_HelloWord.dll
0x00007ff846c00000 - 0x00007ff846c22000 	C:\Windows\SYSTEM32\VCRUNTIME140D.dll
0x00007ff82aa60000 - 0x00007ff82ac1b000 	C:\Windows\SYSTEM32\ucrtbased.dll
0x00007ff851540000 - 0x00007ff8516e9000 	C:\Windows\SYSTEM32\dbghelp.dll

VM Arguments:
jvm_args: -Dfile.encoding=GBK 
java_command: JNIHelloWord
java_class_path (initial): D:\java\JNI_DEMO\bin
Launcher Type: SUN_STANDARD

Environment Variables:
JAVA_HOME=C:\Program Files\Java\jdk1.8.0_131
CLASSPATH=.;C:\Program Files\Java\jdk1.8.0_131\lib\dt.jar;C:\Program Files\Java\jdk1.8.0_131\lib\tools.jar
PATH=C:/Program Files/Java/jre1.8.0_131/bin/server;C:/Program Files/Java/jre1.8.0_131/bin;C:/Program Files/Java/jre1.8.0_131/lib/amd64;C:\ProgramData\Oracle\Java\javapath;C:\Windows\system32;C:\Windows;C:\Windows\System32\Wbem;C:\Windows\System32\WindowsPowerShell\v1.0\;C:\Program Files (x86)\NVIDIA Corporation\PhysX\Common;C:\Program Files\Java\jdk1.8.0_131\bin;D:\Program Files\Git\cmd;C:\Users\Axe\AppData\Local\Android\sdk\tools;C:\Users\Axe\AppData\Local\Android\sdk\platform-tools;C:\Program Files\MySQL\MySQL Utilities 1.6\;C:\Windows\system32\config\systemprofile\.dnx\bin;C:\Program Files\Microsoft DNX\Dnvm\;C:\Program Files\Microsoft SQL Server\130\Tools\Binn\;C:\Program Files (x86)\Windows Kits\8.1\Windows Performance Toolkit\;C:\Users\Axe\AppData\Local\Microsoft\WindowsApps;;D:\eclipse\eclipse;
USERNAME=Axe
OS=Windows_NT
PROCESSOR_IDENTIFIER=Intel64 Family 6 Model 60 Stepping 3, GenuineIntel



---------------  S Y S T E M  ---------------

OS: Windows 10.0 , 64 bit Build 15063 (10.0.15063.296)

CPU:total 8 (initial active 8) (4 cores per cpu, 2 threads per core) family 6 model 60 stepping 3, cmov, cx8, fxsr, mmx, sse, sse2, sse3, ssse3, sse4.1, sse4.2, popcnt, avx, avx2, aes, clmul, erms, lzcnt, ht, tsc, tscinvbit, bmi1, bmi2

Memory: 4k page, physical 8324104k(2841028k free), swap 16712712k(3809172k free)

vm_info: Java HotSpot(TM) 64-Bit Server VM (25.131-b11) for windows-amd64 JRE (1.8.0_131-b11), built on Mar 15 2017 01:23:53 by "java_re" with MS VC++ 10.0 (VS2010)

time: Wed Aug 30 23:51:24 2017
elapsed time: 0 seconds (0d 0h 0m 0s)

